3dsen
altirra
applewin
arcadeflashweb
ares
azahar
bigpemu
bizhawk
capriceforever
cdogs
cemu
cgenius
chihiro
citra
citron
corsixth
cxbx-reloaded
daphne
demul
demul-old
devilutionx
dhewm3
dolphin-emu
dolphin-triforce
dosbox
duckstation
eden
eduke32
eka2l1
fbneo
flycast
fpinball
gemrb
gopher64
gsplus
gzdoom
hatari
hbmame
hypseus
jgenesis
jynx
kega-fusion
kronos
lime3ds
love
m2emulator
magicengine
mame
mandarine
mednafen
melonds
mesen
mgba
mupen64
nosgba
openbor
opengoal
openjazz
openmsx
oricutron
pcsx2
pcsx2-16
pdark
phoenix
pico8
play
ppsspp
project64
psxmame
raine
raze
redream
retroarch
rpcs3
ruffle
ryujinx
scummvm
shadps4
simcoupe
simple64
singe2
snes9x
soh
solarus
solarus2
sonic3air
sonicmania
sonicretro
sonicretrocd
ssf
starship
steam
stella
sudachi
supermodel
suyu
teknoparrot
theforceengine
tsugaru
vita3k
vpinball
winuae
xemu
xenia
xenia-canary
xenia-manager
xm6pro
xroar
yabasanshiro
ymir
yuzu
zesarux
zinc