2048
81
a5200
arduous
atari800
b2
bluemsx
boom3
boom3_xp
bsnes
bsnes_hd_beta
bsnes-jg
cannonball
cap32
citra
craft
crocods
desmume
desmume2015
dinothawr
dolphin
dosbox_pure
easyrpg
ecwolf
emuscv
fake08
fbalpha
fbalpha2012
fbalpha2012_cps1
fbalpha2012_cps2
fbalpha2012_cps3
fbalpha2012_neogeo
fbneo
fceumm
flycast
freechaf
freeintv
frodo
fuse
gambatte
gearcoleco
gearsystem
genesis_plus_gx
genesis_plus_gx_wide
geolith
gong
gpsp
gw
handy
hatari
hatarib
holani
imageviewer
kronos
lowresnx
lutro
m2000
mame
mame2000
mame2003
mame2003_midway
mame2003_plus
mame2010
mame2014
mame2016
mednafen_gba
mednafen_lynx
mednafen_ngp
mednafen_pce
mednafen_pce_fast
mednafen_pcfx
mednafen_psx_hw
mednafen_saturn
mednafen_snes
mednafen_supergrafx
mednafen_vb
mednafen_wswan
melonds
melondsds
mesen
mesen-s
mgba
mrboom
mupen64plus_next
nekop2
neocd
nestopia
noods
np2kai
nxengine
o2em
openlara
opera
parallel_n64
pcsx2
pcsx_rearmed
picodrive
pocketcdg
pokemini
potator
ppsspp
prboom
prosystem
puae
px68k
quasi88
race
reminiscence
retro8
sameboy
sameduck
same_cdi
scummvm
snes9x
snes9x2005
stella
stella2014
superbroswar
swanstation
tgbdual
theodore
tic80
tyrquake
uzem
vecx
vice_x128
vice_x64
vice_x64sc
vice_xpet
vice_xplus4
vice_xvic
vircon32
virtualjaguar
vitaquake2
vitaquake2-rogue
vitaquake2-xatrix
vitaquake2-zaero
wasm4
x1
xrick
yabasanshiro
yabause